{
    "numFailedTestSuites": 2,
    "numFailedTests": 2,
    "numPassedTestSuites": 4,
    "numPassedTests": 12,
    "numPendingTestSuites": 0,
    "numPendingTests": 0,
    "numRuntimeErrorTestSuites": 1,
    "numTodoTests": 0,
    "numTotalTestSuites": 6,
    "numTotalTests": 14,
    "openHandles": [],
    "snapshot": {
        "added": 0,
        "didUpdate": false,
        "failure": false,
        "filesAdded": 0,
        "filesRemoved": 0,
        "filesRemovedList": [],
        "filesUnmatched": 0,
        "filesUpdated": 0,
        "matched": 0,
        "total": 0,
        "unchecked": 0,
        "uncheckedKeysByFile": [],
        "unmatched": 0,
        "updated": 0
    },
    "startTime": 1656466878559,
    "success": false,
    "testResults": [
        {
            "assertionResults": [
                {
                    "ancestorTitles": ["Author"],
                    "failureMessages": [],
                    "fullName": "Author should render the author's username",
                    "location": null,
                    "status": "passed",
                    "title": "should render the author's username"
                },
                {
                    "ancestorTitles": ["Author"],
                    "failureMessages": [],
                    "fullName": "Author should render the author's profile picture",
                    "location": null,
                    "status": "passed",
                    "title": "should render the author's profile picture"
                },
                {
                    "ancestorTitles": ["Author"],
                    "failureMessages": [],
                    "fullName": "Author should render the relative age of posting",
                    "location": null,
                    "status": "passed",
                    "title": "should render the relative age of posting"
                }
            ],
            "endTime": 1656466885836,
            "message": "",
            "name": "C:\\Users\\duyph\\Desktop\\Projects\\doom-scroll\\doom-scroll\\src\\components\\Author\\Author.test.tsx",
            "startTime": 1656466882393,
            "status": "passed",
            "summary": ""
        },
        {
            "assertionResults": [
                {
                    "ancestorTitles": ["CommentAndReplies component"],
                    "failureMessages": [],
                    "fullName": "CommentAndReplies component it should render the parent comment",
                    "location": null,
                    "status": "passed",
                    "title": "it should render the parent comment"
                },
                {
                    "ancestorTitles": ["CommentAndReplies component"],
                    "failureMessages": [],
                    "fullName": "CommentAndReplies component it should render the child comment",
                    "location": null,
                    "status": "passed",
                    "title": "it should render the child comment"
                },
                {
                    "ancestorTitles": ["CommentAndReplies component"],
                    "failureMessages": [],
                    "fullName": "CommentAndReplies component it should render the child more",
                    "location": null,
                    "status": "passed",
                    "title": "it should render the child more"
                }
            ],
            "endTime": 1656466886441,
            "message": "",
            "name": "C:\\Users\\duyph\\Desktop\\Projects\\doom-scroll\\doom-scroll\\src\\containers\\CommentAndReplies\\CommentAndReplies.test.tsx",
            "startTime": 1656466882448,
            "status": "passed",
            "summary": ""
        },
        {
            "assertionResults": [],
            "coverage": {},
            "endTime": 1656466887602,
            "message": "  \u001b[1m● \u001b[22mTest suite failed to run\n\n    ENOENT: no such file or directory, open 'C:\\Users\\duyph\\Desktop\\Projects\\doom-scroll\\doom-scroll\\src\\containers\\CommentComponent\\CommentComponent.test.tsx'\n\n      \u001b[2mat runTestInternal (\u001b[22mnode_modules/react-scripts/node_modules/jest-runner/build/runTest.js\u001b[2m:202:27)\u001b[22m\n",
            "name": "C:\\Users\\duyph\\Desktop\\Projects\\doom-scroll\\doom-scroll\\src\\containers\\CommentComponent\\CommentComponent.test.tsx",
            "startTime": 1656466887602,
            "status": "failed",
            "summary": ""
        },
        {
            "assertionResults": [
                {
                    "ancestorTitles": ["CommentComponent"],
                    "failureMessages": [],
                    "fullName": "CommentComponent it should render author",
                    "location": null,
                    "status": "passed",
                    "title": "it should render author"
                },
                {
                    "ancestorTitles": ["CommentComponent"],
                    "failureMessages": [],
                    "fullName": "CommentComponent it should render number of votes",
                    "location": null,
                    "status": "passed",
                    "title": "it should render number of votes"
                },
                {
                    "ancestorTitles": ["CommentComponent"],
                    "failureMessages": [],
                    "fullName": "CommentComponent it should render comment body",
                    "location": null,
                    "status": "passed",
                    "title": "it should render comment body"
                },
                {
                    "ancestorTitles": ["CommentComponent"],
                    "failureMessages": [],
                    "fullName": "CommentComponent it should render sentiment",
                    "location": null,
                    "status": "passed",
                    "title": "it should render sentiment"
                },
                {
                    "ancestorTitles": ["CommentComponent"],
                    "failureMessages": [],
                    "fullName": "CommentComponent it should render upvote ratio",
                    "location": null,
                    "status": "passed",
                    "title": "it should render upvote ratio"
                }
            ],
            "endTime": 1656466886800,
            "message": "",
            "name": "C:\\Users\\duyph\\Desktop\\Projects\\doom-scroll\\doom-scroll\\src\\containers\\CommentContainer\\CommentContainer.test.tsx",
            "startTime": 1656466882934,
            "status": "passed",
            "summary": ""
        },
        {
            "assertionResults": [
                {
                    "ancestorTitles": ["Button"],
                    "failureMessages": [],
                    "fullName": "Button should render the button text",
                    "location": null,
                    "status": "passed",
                    "title": "should render the button text"
                }
            ],
            "endTime": 1656466887101,
            "message": "",
            "name": "C:\\Users\\duyph\\Desktop\\Projects\\doom-scroll\\doom-scroll\\src\\components\\Button\\Button.test.tsx",
            "startTime": 1656466885909,
            "status": "passed",
            "summary": ""
        },
        {
            "assertionResults": [
                {
                    "ancestorTitles": ["Comment"],
                    "failureMessages": [
                        "Error: could not find react-redux context value; please ensure the component is wrapped in a <Provider>\n    at useReduxContext (C:\\Users\\duyph\\Desktop\\Projects\\doom-scroll\\doom-scroll\\node_modules\\react-redux\\lib\\hooks\\useReduxContext.js:30:11)\n    at useSelector (C:\\Users\\duyph\\Desktop\\Projects\\doom-scroll\\doom-scroll\\node_modules\\react-redux\\lib\\hooks\\useSelector.js:53:9)\n    at AuthorComponent (C:\\Users\\duyph\\Desktop\\Projects\\doom-scroll\\doom-scroll\\src\\containers\\AuthorContainer\\AuthorContainer.tsx:13:25)\n    at renderWithHooks (C:\\Users\\duyph\\Desktop\\Projects\\doom-scroll\\doom-scroll\\node_modules\\react-dom\\cjs\\react-dom.development.js:16305:18)\n    at mountIndeterminateComponent (C:\\Users\\duyph\\Desktop\\Projects\\doom-scroll\\doom-scroll\\node_modules\\react-dom\\cjs\\react-dom.development.js:20074:13)\n    at beginWork (C:\\Users\\duyph\\Desktop\\Projects\\doom-scroll\\doom-scroll\\node_modules\\react-dom\\cjs\\react-dom.development.js:21587:16)\n    at beginWork$1 (C:\\Users\\duyph\\Desktop\\Projects\\doom-scroll\\doom-scroll\\node_modules\\react-dom\\cjs\\react-dom.development.js:27426:14)\n    at performUnitOfWork (C:\\Users\\duyph\\Desktop\\Projects\\doom-scroll\\doom-scroll\\node_modules\\react-dom\\cjs\\react-dom.development.js:26560:12)\n    at workLoopSync (C:\\Users\\duyph\\Desktop\\Projects\\doom-scroll\\doom-scroll\\node_modules\\react-dom\\cjs\\react-dom.development.js:26466:5)\n    at renderRootSync (C:\\Users\\duyph\\Desktop\\Projects\\doom-scroll\\doom-scroll\\node_modules\\react-dom\\cjs\\react-dom.development.js:26434:7)\n    at recoverFromConcurrentError (C:\\Users\\duyph\\Desktop\\Projects\\doom-scroll\\doom-scroll\\node_modules\\react-dom\\cjs\\react-dom.development.js:25850:20)\n    at performConcurrentWorkOnRoot (C:\\Users\\duyph\\Desktop\\Projects\\doom-scroll\\doom-scroll\\node_modules\\react-dom\\cjs\\react-dom.development.js:25750:22)\n    at flushActQueue (C:\\Users\\duyph\\Desktop\\Projects\\doom-scroll\\doom-scroll\\node_modules\\react\\cjs\\react.development.js:2667:24)\n    at act (C:\\Users\\duyph\\Desktop\\Projects\\doom-scroll\\doom-scroll\\node_modules\\react\\cjs\\react.development.js:2582:11)\n    at C:\\Users\\duyph\\Desktop\\Projects\\doom-scroll\\doom-scroll\\node_modules\\@testing-library\\react\\dist\\act-compat.js:63:25\n    at renderRoot (C:\\Users\\duyph\\Desktop\\Projects\\doom-scroll\\doom-scroll\\node_modules\\@testing-library\\react\\dist\\pure.js:159:26)\n    at render (C:\\Users\\duyph\\Desktop\\Projects\\doom-scroll\\doom-scroll\\node_modules\\@testing-library\\react\\dist\\pure.js:246:10)\n    at Object.<anonymous> (C:\\Users\\duyph\\Desktop\\Projects\\doom-scroll\\doom-scroll\\src\\components\\Comment\\Comment.test.tsx:10:9)\n    at Promise.then.completed (C:\\Users\\duyph\\Desktop\\Projects\\doom-scroll\\doom-scroll\\node_modules\\react-scripts\\node_modules\\jest-circus\\build\\utils.js:391:28)\n    at new Promise (<anonymous>)\n    at callAsyncCircusFn (C:\\Users\\duyph\\Desktop\\Projects\\doom-scroll\\doom-scroll\\node_modules\\react-scripts\\node_modules\\jest-circus\\build\\utils.js:316:10)\n    at _callCircusTest (C:\\Users\\duyph\\Desktop\\Projects\\doom-scroll\\doom-scroll\\node_modules\\react-scripts\\node_modules\\jest-circus\\build\\run.js:218:40)\n    at processTicksAndRejections (node:internal/process/task_queues:96:5)\n    at _runTest (C:\\Users\\duyph\\Desktop\\Projects\\doom-scroll\\doom-scroll\\node_modules\\react-scripts\\node_modules\\jest-circus\\build\\run.js:155:3)\n    at _runTestsForDescribeBlock (C:\\Users\\duyph\\Desktop\\Projects\\doom-scroll\\doom-scroll\\node_modules\\react-scripts\\node_modules\\jest-circus\\build\\run.js:66:9)\n    at _runTestsForDescribeBlock (C:\\Users\\duyph\\Desktop\\Projects\\doom-scroll\\doom-scroll\\node_modules\\react-scripts\\node_modules\\jest-circus\\build\\run.js:60:9)\n    at run (C:\\Users\\duyph\\Desktop\\Projects\\doom-scroll\\doom-scroll\\node_modules\\react-scripts\\node_modules\\jest-circus\\build\\run.js:25:3)\n    at runAndTransformResultsToJestFormat (C:\\Users\\duyph\\Desktop\\Projects\\doom-scroll\\doom-scroll\\node_modules\\react-scripts\\node_modules\\jest-circus\\build\\legacy-code-todo-rewrite\\jestAdapterInit.js:170:21)\n    at jestAdapter (C:\\Users\\duyph\\Desktop\\Projects\\doom-scroll\\doom-scroll\\node_modules\\react-scripts\\node_modules\\jest-circus\\build\\legacy-code-todo-rewrite\\jestAdapter.js:82:19)\n    at runTestInternal (C:\\Users\\duyph\\Desktop\\Projects\\doom-scroll\\doom-scroll\\node_modules\\react-scripts\\node_modules\\jest-runner\\build\\runTest.js:389:16)\n    at runTest (C:\\Users\\duyph\\Desktop\\Projects\\doom-scroll\\doom-scroll\\node_modules\\react-scripts\\node_modules\\jest-runner\\build\\runTest.js:475:34)\n    at Object.worker (C:\\Users\\duyph\\Desktop\\Projects\\doom-scroll\\doom-scroll\\node_modules\\react-scripts\\node_modules\\jest-runner\\build\\testWorker.js:133:12)"
                    ],
                    "fullName": "Comment should render the author's username",
                    "location": null,
                    "status": "failed",
                    "title": "should render the author's username"
                },
                {
                    "ancestorTitles": ["Comment"],
                    "failureMessages": [
                        "Error: could not find react-redux context value; please ensure the component is wrapped in a <Provider>\n    at useReduxContext (C:\\Users\\duyph\\Desktop\\Projects\\doom-scroll\\doom-scroll\\node_modules\\react-redux\\lib\\hooks\\useReduxContext.js:30:11)\n    at useSelector (C:\\Users\\duyph\\Desktop\\Projects\\doom-scroll\\doom-scroll\\node_modules\\react-redux\\lib\\hooks\\useSelector.js:53:9)\n    at AuthorComponent (C:\\Users\\duyph\\Desktop\\Projects\\doom-scroll\\doom-scroll\\src\\containers\\AuthorContainer\\AuthorContainer.tsx:13:25)\n    at renderWithHooks (C:\\Users\\duyph\\Desktop\\Projects\\doom-scroll\\doom-scroll\\node_modules\\react-dom\\cjs\\react-dom.development.js:16305:18)\n    at mountIndeterminateComponent (C:\\Users\\duyph\\Desktop\\Projects\\doom-scroll\\doom-scroll\\node_modules\\react-dom\\cjs\\react-dom.development.js:20074:13)\n    at beginWork (C:\\Users\\duyph\\Desktop\\Projects\\doom-scroll\\doom-scroll\\node_modules\\react-dom\\cjs\\react-dom.development.js:21587:16)\n    at beginWork$1 (C:\\Users\\duyph\\Desktop\\Projects\\doom-scroll\\doom-scroll\\node_modules\\react-dom\\cjs\\react-dom.development.js:27426:14)\n    at performUnitOfWork (C:\\Users\\duyph\\Desktop\\Projects\\doom-scroll\\doom-scroll\\node_modules\\react-dom\\cjs\\react-dom.development.js:26560:12)\n    at workLoopSync (C:\\Users\\duyph\\Desktop\\Projects\\doom-scroll\\doom-scroll\\node_modules\\react-dom\\cjs\\react-dom.development.js:26466:5)\n    at renderRootSync (C:\\Users\\duyph\\Desktop\\Projects\\doom-scroll\\doom-scroll\\node_modules\\react-dom\\cjs\\react-dom.development.js:26434:7)\n    at recoverFromConcurrentError (C:\\Users\\duyph\\Desktop\\Projects\\doom-scroll\\doom-scroll\\node_modules\\react-dom\\cjs\\react-dom.development.js:25850:20)\n    at performConcurrentWorkOnRoot (C:\\Users\\duyph\\Desktop\\Projects\\doom-scroll\\doom-scroll\\node_modules\\react-dom\\cjs\\react-dom.development.js:25750:22)\n    at flushActQueue (C:\\Users\\duyph\\Desktop\\Projects\\doom-scroll\\doom-scroll\\node_modules\\react\\cjs\\react.development.js:2667:24)\n    at act (C:\\Users\\duyph\\Desktop\\Projects\\doom-scroll\\doom-scroll\\node_modules\\react\\cjs\\react.development.js:2582:11)\n    at C:\\Users\\duyph\\Desktop\\Projects\\doom-scroll\\doom-scroll\\node_modules\\@testing-library\\react\\dist\\act-compat.js:63:25\n    at renderRoot (C:\\Users\\duyph\\Desktop\\Projects\\doom-scroll\\doom-scroll\\node_modules\\@testing-library\\react\\dist\\pure.js:159:26)\n    at render (C:\\Users\\duyph\\Desktop\\Projects\\doom-scroll\\doom-scroll\\node_modules\\@testing-library\\react\\dist\\pure.js:246:10)\n    at Object.<anonymous> (C:\\Users\\duyph\\Desktop\\Projects\\doom-scroll\\doom-scroll\\src\\components\\Comment\\Comment.test.tsx:18:9)\n    at Promise.then.completed (C:\\Users\\duyph\\Desktop\\Projects\\doom-scroll\\doom-scroll\\node_modules\\react-scripts\\node_modules\\jest-circus\\build\\utils.js:391:28)\n    at new Promise (<anonymous>)\n    at callAsyncCircusFn (C:\\Users\\duyph\\Desktop\\Projects\\doom-scroll\\doom-scroll\\node_modules\\react-scripts\\node_modules\\jest-circus\\build\\utils.js:316:10)\n    at _callCircusTest (C:\\Users\\duyph\\Desktop\\Projects\\doom-scroll\\doom-scroll\\node_modules\\react-scripts\\node_modules\\jest-circus\\build\\run.js:218:40)\n    at processTicksAndRejections (node:internal/process/task_queues:96:5)\n    at _runTest (C:\\Users\\duyph\\Desktop\\Projects\\doom-scroll\\doom-scroll\\node_modules\\react-scripts\\node_modules\\jest-circus\\build\\run.js:155:3)\n    at _runTestsForDescribeBlock (C:\\Users\\duyph\\Desktop\\Projects\\doom-scroll\\doom-scroll\\node_modules\\react-scripts\\node_modules\\jest-circus\\build\\run.js:66:9)\n    at _runTestsForDescribeBlock (C:\\Users\\duyph\\Desktop\\Projects\\doom-scroll\\doom-scroll\\node_modules\\react-scripts\\node_modules\\jest-circus\\build\\run.js:60:9)\n    at run (C:\\Users\\duyph\\Desktop\\Projects\\doom-scroll\\doom-scroll\\node_modules\\react-scripts\\node_modules\\jest-circus\\build\\run.js:25:3)\n    at runAndTransformResultsToJestFormat (C:\\Users\\duyph\\Desktop\\Projects\\doom-scroll\\doom-scroll\\node_modules\\react-scripts\\node_modules\\jest-circus\\build\\legacy-code-todo-rewrite\\jestAdapterInit.js:170:21)\n    at jestAdapter (C:\\Users\\duyph\\Desktop\\Projects\\doom-scroll\\doom-scroll\\node_modules\\react-scripts\\node_modules\\jest-circus\\build\\legacy-code-todo-rewrite\\jestAdapter.js:82:19)\n    at runTestInternal (C:\\Users\\duyph\\Desktop\\Projects\\doom-scroll\\doom-scroll\\node_modules\\react-scripts\\node_modules\\jest-runner\\build\\runTest.js:389:16)\n    at runTest (C:\\Users\\duyph\\Desktop\\Projects\\doom-scroll\\doom-scroll\\node_modules\\react-scripts\\node_modules\\jest-runner\\build\\runTest.js:475:34)\n    at Object.worker (C:\\Users\\duyph\\Desktop\\Projects\\doom-scroll\\doom-scroll\\node_modules\\react-scripts\\node_modules\\jest-runner\\build\\testWorker.js:133:12)"
                    ],
                    "fullName": "Comment should render the body text",
                    "location": null,
                    "status": "failed",
                    "title": "should render the body text"
                }
            ],
            "endTime": 1656466887461,
            "message": "\u001b[1m\u001b[31m  \u001b[1m● \u001b[22m\u001b[1mComment › should render the author's username\u001b[39m\u001b[22m\n\n    could not find react-redux context value; please ensure the component is wrapped in a <Provider>\n\u001b[2m\u001b[22m\n\u001b[2m    \u001b[0m \u001b[90m 11 |\u001b[39m\u001b[0m\u001b[22m\n\u001b[2m    \u001b[0m \u001b[90m 12 |\u001b[39m \u001b[36mconst\u001b[39m \u001b[33mAuthorComponent\u001b[39m\u001b[33m:\u001b[39m \u001b[33mReact\u001b[39m\u001b[33m.\u001b[39m\u001b[33mFC\u001b[39m\u001b[33m<\u001b[39m\u001b[33mProps\u001b[39m\u001b[33m>\u001b[39m \u001b[33m=\u001b[39m ({ author\u001b[33m,\u001b[39m createdUtc }) \u001b[33m=>\u001b[39m {\u001b[0m\u001b[22m\n\u001b[2m    \u001b[0m\u001b[31m\u001b[1m>\u001b[22m\u001b[2m\u001b[39m\u001b[90m 13 |\u001b[39m     \u001b[36mconst\u001b[39m accessToken \u001b[33m=\u001b[39m useSelector(selectAccessToken)\u001b[33m;\u001b[39m\u001b[0m\u001b[22m\n\u001b[2m    \u001b[0m \u001b[90m    |\u001b[39m                         \u001b[31m\u001b[1m^\u001b[22m\u001b[2m\u001b[39m\u001b[0m\u001b[22m\n\u001b[2m    \u001b[0m \u001b[90m 14 |\u001b[39m     \u001b[36mconst\u001b[39m [profileImg\u001b[33m,\u001b[39m setProfileImg] \u001b[33m=\u001b[39m useState(\u001b[36mnull\u001b[39m)\u001b[33m;\u001b[39m\u001b[0m\u001b[22m\n\u001b[2m    \u001b[0m \u001b[90m 15 |\u001b[39m\u001b[0m\u001b[22m\n\u001b[2m    \u001b[0m \u001b[90m 16 |\u001b[39m     useEffect(() \u001b[33m=>\u001b[39m {\u001b[0m\u001b[22m\n\u001b[2m\u001b[22m\n\u001b[2m      \u001b[2mat useReduxContext (\u001b[22m\u001b[2mnode_modules/react-redux/lib/hooks/useReduxContext.js\u001b[2m:30:11)\u001b[22m\u001b[2m\u001b[22m\n\u001b[2m      \u001b[2mat useSelector (\u001b[22m\u001b[2mnode_modules/react-redux/lib/hooks/useSelector.js\u001b[2m:53:9)\u001b[22m\u001b[2m\u001b[22m\n\u001b[2m      \u001b[2mat AuthorComponent (\u001b[22m\u001b[2msrc/containers/AuthorContainer/AuthorContainer.tsx\u001b[2m:13:25)\u001b[22m\u001b[2m\u001b[22m\n\u001b[2m      \u001b[2mat renderWithHooks (\u001b[22m\u001b[2mnode_modules/react-dom/cjs/react-dom.development.js\u001b[2m:16305:18)\u001b[22m\u001b[2m\u001b[22m\n\u001b[2m      \u001b[2mat mountIndeterminateComponent (\u001b[22m\u001b[2mnode_modules/react-dom/cjs/react-dom.development.js\u001b[2m:20074:13)\u001b[22m\u001b[2m\u001b[22m\n\u001b[2m      \u001b[2mat beginWork (\u001b[22m\u001b[2mnode_modules/react-dom/cjs/react-dom.development.js\u001b[2m:21587:16)\u001b[22m\u001b[2m\u001b[22m\n\u001b[2m      \u001b[2mat beginWork$1 (\u001b[22m\u001b[2mnode_modules/react-dom/cjs/react-dom.development.js\u001b[2m:27426:14)\u001b[22m\u001b[2m\u001b[22m\n\u001b[2m      \u001b[2mat performUnitOfWork (\u001b[22m\u001b[2mnode_modules/react-dom/cjs/react-dom.development.js\u001b[2m:26560:12)\u001b[22m\u001b[2m\u001b[22m\n\u001b[2m      \u001b[2mat workLoopSync (\u001b[22m\u001b[2mnode_modules/react-dom/cjs/react-dom.development.js\u001b[2m:26466:5)\u001b[22m\u001b[2m\u001b[22m\n\u001b[2m      \u001b[2mat renderRootSync (\u001b[22m\u001b[2mnode_modules/react-dom/cjs/react-dom.development.js\u001b[2m:26434:7)\u001b[22m\u001b[2m\u001b[22m\n\u001b[2m      \u001b[2mat recoverFromConcurrentError (\u001b[22m\u001b[2mnode_modules/react-dom/cjs/react-dom.development.js\u001b[2m:25850:20)\u001b[22m\u001b[2m\u001b[22m\n\u001b[2m      \u001b[2mat performConcurrentWorkOnRoot (\u001b[22m\u001b[2mnode_modules/react-dom/cjs/react-dom.development.js\u001b[2m:25750:22)\u001b[22m\u001b[2m\u001b[22m\n\u001b[2m      \u001b[2mat flushActQueue (\u001b[22m\u001b[2mnode_modules/react/cjs/react.development.js\u001b[2m:2667:24)\u001b[22m\u001b[2m\u001b[22m\n\u001b[2m      \u001b[2mat act (\u001b[22m\u001b[2mnode_modules/react/cjs/react.development.js\u001b[2m:2582:11)\u001b[22m\u001b[2m\u001b[22m\n\u001b[2m      \u001b[2mat \u001b[22m\u001b[2mnode_modules/@testing-library/react/dist/act-compat.js\u001b[2m:63:25\u001b[22m\u001b[2m\u001b[22m\n\u001b[2m      \u001b[2mat renderRoot (\u001b[22m\u001b[2mnode_modules/@testing-library/react/dist/pure.js\u001b[2m:159:26)\u001b[22m\u001b[2m\u001b[22m\n\u001b[2m      \u001b[2mat render (\u001b[22m\u001b[2mnode_modules/@testing-library/react/dist/pure.js\u001b[2m:246:10)\u001b[22m\u001b[2m\u001b[22m\n\u001b[2m      \u001b[2mat Object.<anonymous> (\u001b[22m\u001b[2m\u001b[0m\u001b[36msrc/components/Comment/Comment.test.tsx\u001b[39m\u001b[0m\u001b[2m:10:9)\u001b[22m\u001b[2m\u001b[22m\n\n\u001b[1m\u001b[31m  \u001b[1m● \u001b[22m\u001b[1mComment › should render the body text\u001b[39m\u001b[22m\n\n    could not find react-redux context value; please ensure the component is wrapped in a <Provider>\n\u001b[2m\u001b[22m\n\u001b[2m    \u001b[0m \u001b[90m 11 |\u001b[39m\u001b[0m\u001b[22m\n\u001b[2m    \u001b[0m \u001b[90m 12 |\u001b[39m \u001b[36mconst\u001b[39m \u001b[33mAuthorComponent\u001b[39m\u001b[33m:\u001b[39m \u001b[33mReact\u001b[39m\u001b[33m.\u001b[39m\u001b[33mFC\u001b[39m\u001b[33m<\u001b[39m\u001b[33mProps\u001b[39m\u001b[33m>\u001b[39m \u001b[33m=\u001b[39m ({ author\u001b[33m,\u001b[39m createdUtc }) \u001b[33m=>\u001b[39m {\u001b[0m\u001b[22m\n\u001b[2m    \u001b[0m\u001b[31m\u001b[1m>\u001b[22m\u001b[2m\u001b[39m\u001b[90m 13 |\u001b[39m     \u001b[36mconst\u001b[39m accessToken \u001b[33m=\u001b[39m useSelector(selectAccessToken)\u001b[33m;\u001b[39m\u001b[0m\u001b[22m\n\u001b[2m    \u001b[0m \u001b[90m    |\u001b[39m                         \u001b[31m\u001b[1m^\u001b[22m\u001b[2m\u001b[39m\u001b[0m\u001b[22m\n\u001b[2m    \u001b[0m \u001b[90m 14 |\u001b[39m     \u001b[36mconst\u001b[39m [profileImg\u001b[33m,\u001b[39m setProfileImg] \u001b[33m=\u001b[39m useState(\u001b[36mnull\u001b[39m)\u001b[33m;\u001b[39m\u001b[0m\u001b[22m\n\u001b[2m    \u001b[0m \u001b[90m 15 |\u001b[39m\u001b[0m\u001b[22m\n\u001b[2m    \u001b[0m \u001b[90m 16 |\u001b[39m     useEffect(() \u001b[33m=>\u001b[39m {\u001b[0m\u001b[22m\n\u001b[2m\u001b[22m\n\u001b[2m      \u001b[2mat useReduxContext (\u001b[22m\u001b[2mnode_modules/react-redux/lib/hooks/useReduxContext.js\u001b[2m:30:11)\u001b[22m\u001b[2m\u001b[22m\n\u001b[2m      \u001b[2mat useSelector (\u001b[22m\u001b[2mnode_modules/react-redux/lib/hooks/useSelector.js\u001b[2m:53:9)\u001b[22m\u001b[2m\u001b[22m\n\u001b[2m      \u001b[2mat AuthorComponent (\u001b[22m\u001b[2msrc/containers/AuthorContainer/AuthorContainer.tsx\u001b[2m:13:25)\u001b[22m\u001b[2m\u001b[22m\n\u001b[2m      \u001b[2mat renderWithHooks (\u001b[22m\u001b[2mnode_modules/react-dom/cjs/react-dom.development.js\u001b[2m:16305:18)\u001b[22m\u001b[2m\u001b[22m\n\u001b[2m      \u001b[2mat mountIndeterminateComponent (\u001b[22m\u001b[2mnode_modules/react-dom/cjs/react-dom.development.js\u001b[2m:20074:13)\u001b[22m\u001b[2m\u001b[22m\n\u001b[2m      \u001b[2mat beginWork (\u001b[22m\u001b[2mnode_modules/react-dom/cjs/react-dom.development.js\u001b[2m:21587:16)\u001b[22m\u001b[2m\u001b[22m\n\u001b[2m      \u001b[2mat beginWork$1 (\u001b[22m\u001b[2mnode_modules/react-dom/cjs/react-dom.development.js\u001b[2m:27426:14)\u001b[22m\u001b[2m\u001b[22m\n\u001b[2m      \u001b[2mat performUnitOfWork (\u001b[22m\u001b[2mnode_modules/react-dom/cjs/react-dom.development.js\u001b[2m:26560:12)\u001b[22m\u001b[2m\u001b[22m\n\u001b[2m      \u001b[2mat workLoopSync (\u001b[22m\u001b[2mnode_modules/react-dom/cjs/react-dom.development.js\u001b[2m:26466:5)\u001b[22m\u001b[2m\u001b[22m\n\u001b[2m      \u001b[2mat renderRootSync (\u001b[22m\u001b[2mnode_modules/react-dom/cjs/react-dom.development.js\u001b[2m:26434:7)\u001b[22m\u001b[2m\u001b[22m\n\u001b[2m      \u001b[2mat recoverFromConcurrentError (\u001b[22m\u001b[2mnode_modules/react-dom/cjs/react-dom.development.js\u001b[2m:25850:20)\u001b[22m\u001b[2m\u001b[22m\n\u001b[2m      \u001b[2mat performConcurrentWorkOnRoot (\u001b[22m\u001b[2mnode_modules/react-dom/cjs/react-dom.development.js\u001b[2m:25750:22)\u001b[22m\u001b[2m\u001b[22m\n\u001b[2m      \u001b[2mat flushActQueue (\u001b[22m\u001b[2mnode_modules/react/cjs/react.development.js\u001b[2m:2667:24)\u001b[22m\u001b[2m\u001b[22m\n\u001b[2m      \u001b[2mat act (\u001b[22m\u001b[2mnode_modules/react/cjs/react.development.js\u001b[2m:2582:11)\u001b[22m\u001b[2m\u001b[22m\n\u001b[2m      \u001b[2mat \u001b[22m\u001b[2mnode_modules/@testing-library/react/dist/act-compat.js\u001b[2m:63:25\u001b[22m\u001b[2m\u001b[22m\n\u001b[2m      \u001b[2mat renderRoot (\u001b[22m\u001b[2mnode_modules/@testing-library/react/dist/pure.js\u001b[2m:159:26)\u001b[22m\u001b[2m\u001b[22m\n\u001b[2m      \u001b[2mat render (\u001b[22m\u001b[2mnode_modules/@testing-library/react/dist/pure.js\u001b[2m:246:10)\u001b[22m\u001b[2m\u001b[22m\n\u001b[2m      \u001b[2mat Object.<anonymous> (\u001b[22m\u001b[2m\u001b[0m\u001b[36msrc/components/Comment/Comment.test.tsx\u001b[39m\u001b[0m\u001b[2m:18:9)\u001b[22m\u001b[2m\u001b[22m\n",
            "name": "C:\\Users\\duyph\\Desktop\\Projects\\doom-scroll\\doom-scroll\\src\\components\\Comment\\Comment.test.tsx",
            "startTime": 1656466882723,
            "status": "failed",
            "summary": ""
        }
    ],
    "wasInterrupted": false
}
